[2024-08-24T22:41:41.485+0000] {manager.py:483} INFO - Processing files using up to 2 processes at a time 
[2024-08-24T22:41:41.486+0000] {manager.py:484} INFO - Process each file at most once every 30 seconds
[2024-08-24T22:41:41.486+0000] {manager.py:485} INFO - Checking for new files in /opt/airflow/dags every 300 seconds
[2024-08-24T22:41:41.487+0000] {manager.py:821} INFO - Searching for files in /opt/airflow/dags
[2024-08-24T22:41:41.495+0000] {manager.py:824} INFO - There are 1 files in /opt/airflow/dags
[2024-08-24T22:41:41.658+0000] {manager.py:997} INFO - 
================================================================================
DAG File Processing Stats

File Path                                    PID  Runtime      # DAGs    # Errors  Last Runtime    Last Run      Last # of DB Queries
-----------------------------------------  -----  ---------  --------  ----------  --------------  ----------  ----------------------
/opt/airflow/dags/serasa_orchestration.py     30  0.06s             0           0                                                   0
================================================================================
[2024-08-24T22:42:11.873+0000] {manager.py:997} INFO - 
================================================================================
DAG File Processing Stats

File Path                                  PID    Runtime      # DAGs    # Errors  Last Runtime    Last Run               Last # of DB Queries
-----------------------------------------  -----  ---------  --------  ----------  --------------  -------------------  ----------------------
/opt/airflow/dags/serasa_orchestration.py                           1           0  0.63s           2024-08-24T22:41:42                      22
================================================================================
[2024-08-24T22:42:41.954+0000] {manager.py:997} INFO - 
================================================================================
DAG File Processing Stats

File Path                                  PID    Runtime      # DAGs    # Errors  Last Runtime    Last Run               Last # of DB Queries
-----------------------------------------  -----  ---------  --------  ----------  --------------  -------------------  ----------------------
/opt/airflow/dags/serasa_orchestration.py                           1           0  0.10s           2024-08-24T22:42:12                      12
================================================================================
[2024-08-24T22:43:12.395+0000] {manager.py:997} INFO - 
================================================================================
DAG File Processing Stats

File Path                                  PID    Runtime      # DAGs    # Errors  Last Runtime    Last Run               Last # of DB Queries
-----------------------------------------  -----  ---------  --------  ----------  --------------  -------------------  ----------------------
/opt/airflow/dags/serasa_orchestration.py                           1           0  0.14s           2024-08-24T22:42:43                      12
================================================================================
[2024-08-24T22:43:42.784+0000] {manager.py:997} INFO - 
================================================================================
DAG File Processing Stats

File Path                                  PID    Runtime      # DAGs    # Errors  Last Runtime    Last Run               Last # of DB Queries
-----------------------------------------  -----  ---------  --------  ----------  --------------  -------------------  ----------------------
/opt/airflow/dags/serasa_orchestration.py                           1           0  0.08s           2024-08-24T22:43:13                      12
================================================================================
[2024-08-24T22:44:13.250+0000] {manager.py:997} INFO - 
================================================================================
DAG File Processing Stats

File Path                                  PID    Runtime      # DAGs    # Errors  Last Runtime    Last Run               Last # of DB Queries
-----------------------------------------  -----  ---------  --------  ----------  --------------  -------------------  ----------------------
/opt/airflow/dags/serasa_orchestration.py                           1           0  0.12s           2024-08-24T22:43:43                      12
================================================================================
[2024-08-24T22:44:43.699+0000] {manager.py:997} INFO - 
================================================================================
DAG File Processing Stats

File Path                                  PID    Runtime      # DAGs    # Errors  Last Runtime    Last Run               Last # of DB Queries
-----------------------------------------  -----  ---------  --------  ----------  --------------  -------------------  ----------------------
/opt/airflow/dags/serasa_orchestration.py                           1           0  0.29s           2024-08-24T22:44:14                      12
================================================================================
[2024-08-24T22:45:14.273+0000] {manager.py:997} INFO - 
================================================================================
DAG File Processing Stats

File Path                                  PID    Runtime      # DAGs    # Errors  Last Runtime    Last Run               Last # of DB Queries
-----------------------------------------  -----  ---------  --------  ----------  --------------  -------------------  ----------------------
/opt/airflow/dags/serasa_orchestration.py                           1           0  0.28s           2024-08-24T22:44:45                      12
================================================================================
[2024-08-24T22:45:44.813+0000] {manager.py:997} INFO - 
================================================================================
DAG File Processing Stats

File Path                                  PID    Runtime      # DAGs    # Errors  Last Runtime    Last Run               Last # of DB Queries
-----------------------------------------  -----  ---------  --------  ----------  --------------  -------------------  ----------------------
/opt/airflow/dags/serasa_orchestration.py                           1           0  0.30s           2024-08-24T22:45:15                      12
================================================================================
[2024-08-24T22:46:15.682+0000] {manager.py:997} INFO - 
================================================================================
DAG File Processing Stats

File Path                                  PID    Runtime      # DAGs    # Errors  Last Runtime    Last Run               Last # of DB Queries
-----------------------------------------  -----  ---------  --------  ----------  --------------  -------------------  ----------------------
/opt/airflow/dags/serasa_orchestration.py                           1           0  0.22s           2024-08-24T22:45:46                      12
================================================================================
[2024-08-24T22:46:42.092+0000] {manager.py:821} INFO - Searching for files in /opt/airflow/dags
[2024-08-24T22:46:42.104+0000] {manager.py:824} INFO - There are 1 files in /opt/airflow/dags
[2024-08-24T22:46:46.194+0000] {manager.py:997} INFO - 
================================================================================
DAG File Processing Stats

File Path                                  PID    Runtime      # DAGs    # Errors  Last Runtime    Last Run               Last # of DB Queries
-----------------------------------------  -----  ---------  --------  ----------  --------------  -------------------  ----------------------
/opt/airflow/dags/serasa_orchestration.py                           1           0  0.07s           2024-08-24T22:46:16                      12
================================================================================
[2024-08-24T22:47:16.723+0000] {manager.py:997} INFO - 
================================================================================
DAG File Processing Stats

File Path                                  PID    Runtime      # DAGs    # Errors  Last Runtime    Last Run               Last # of DB Queries
-----------------------------------------  -----  ---------  --------  ----------  --------------  -------------------  ----------------------
/opt/airflow/dags/serasa_orchestration.py                           1           0  0.11s           2024-08-24T22:46:47                      12
================================================================================
[2024-08-24T22:47:47.227+0000] {manager.py:997} INFO - 
================================================================================
DAG File Processing Stats

File Path                                  PID    Runtime      # DAGs    # Errors  Last Runtime    Last Run               Last # of DB Queries
-----------------------------------------  -----  ---------  --------  ----------  --------------  -------------------  ----------------------
/opt/airflow/dags/serasa_orchestration.py                           1           0  0.17s           2024-08-24T22:47:17                      12
================================================================================
[2024-08-24T22:48:17.596+0000] {manager.py:997} INFO - 
================================================================================
DAG File Processing Stats

File Path                                  PID    Runtime      # DAGs    # Errors  Last Runtime    Last Run               Last # of DB Queries
-----------------------------------------  -----  ---------  --------  ----------  --------------  -------------------  ----------------------
/opt/airflow/dags/serasa_orchestration.py                           1           0  0.12s           2024-08-24T22:47:48                      12
================================================================================
[2024-08-24T22:48:48.028+0000] {manager.py:997} INFO - 
================================================================================
DAG File Processing Stats

File Path                                  PID    Runtime      # DAGs    # Errors  Last Runtime    Last Run               Last # of DB Queries
-----------------------------------------  -----  ---------  --------  ----------  --------------  -------------------  ----------------------
/opt/airflow/dags/serasa_orchestration.py                           1           0  0.09s           2024-08-24T22:48:18                      12
================================================================================
[2024-08-24T22:49:18.541+0000] {manager.py:997} INFO - 
================================================================================
DAG File Processing Stats

File Path                                  PID    Runtime      # DAGs    # Errors  Last Runtime    Last Run               Last # of DB Queries
-----------------------------------------  -----  ---------  --------  ----------  --------------  -------------------  ----------------------
/opt/airflow/dags/serasa_orchestration.py                           1           0  0.17s           2024-08-24T22:48:49                      12
================================================================================
[2024-08-24T22:49:49.028+0000] {manager.py:997} INFO - 
================================================================================
DAG File Processing Stats

File Path                                  PID    Runtime      # DAGs    # Errors  Last Runtime    Last Run               Last # of DB Queries
-----------------------------------------  -----  ---------  --------  ----------  --------------  -------------------  ----------------------
/opt/airflow/dags/serasa_orchestration.py                           1           0  0.15s           2024-08-24T22:49:19                      12
================================================================================
[2024-08-24T22:50:19.492+0000] {manager.py:997} INFO - 
================================================================================
DAG File Processing Stats

File Path                                  PID    Runtime      # DAGs    # Errors  Last Runtime    Last Run               Last # of DB Queries
-----------------------------------------  -----  ---------  --------  ----------  --------------  -------------------  ----------------------
/opt/airflow/dags/serasa_orchestration.py                           1           0  0.10s           2024-08-24T22:49:50                      12
================================================================================
[2024-08-24T22:50:50.000+0000] {manager.py:997} INFO - 
================================================================================
DAG File Processing Stats

File Path                                  PID    Runtime      # DAGs    # Errors  Last Runtime    Last Run               Last # of DB Queries
-----------------------------------------  -----  ---------  --------  ----------  --------------  -------------------  ----------------------
/opt/airflow/dags/serasa_orchestration.py                           1           0  0.15s           2024-08-24T22:50:20                      12
================================================================================
[2024-08-24T22:51:20.475+0000] {manager.py:997} INFO - 
================================================================================
DAG File Processing Stats

File Path                                  PID    Runtime      # DAGs    # Errors  Last Runtime    Last Run               Last # of DB Queries
-----------------------------------------  -----  ---------  --------  ----------  --------------  -------------------  ----------------------
/opt/airflow/dags/serasa_orchestration.py                           1           0  0.13s           2024-08-24T22:50:51                      12
================================================================================
[2024-08-24T22:51:42.767+0000] {manager.py:821} INFO - Searching for files in /opt/airflow/dags
[2024-08-24T22:51:42.776+0000] {manager.py:824} INFO - There are 1 files in /opt/airflow/dags
[2024-08-24T22:51:50.897+0000] {manager.py:997} INFO - 
================================================================================
DAG File Processing Stats

File Path                                  PID    Runtime      # DAGs    # Errors  Last Runtime    Last Run               Last # of DB Queries
-----------------------------------------  -----  ---------  --------  ----------  --------------  -------------------  ----------------------
/opt/airflow/dags/serasa_orchestration.py                           1           0  0.12s           2024-08-24T22:51:21                      12
================================================================================
