[2024-08-24T22:41:59.026+0000] {local_task_job_runner.py:123} INFO - ::group::Pre task execution logs
[2024-08-24T22:41:59.041+0000] {taskinstance.py:2603} INFO - Dependencies all met for dep_context=non-requeueable deps ti=<TaskInstance: pyspark_workflow2.run_raw_to_silver manual__2024-08-24T22:41:56.546709+00:00 [queued]>
[2024-08-24T22:41:59.048+0000] {taskinstance.py:2603} INFO - Dependencies all met for dep_context=requeueable deps ti=<TaskInstance: pyspark_workflow2.run_raw_to_silver manual__2024-08-24T22:41:56.546709+00:00 [queued]>
[2024-08-24T22:41:59.048+0000] {taskinstance.py:2856} INFO - Starting attempt 1 of 2
[2024-08-24T22:41:59.058+0000] {taskinstance.py:2879} INFO - Executing <Task(BashOperator): run_raw_to_silver> on 2024-08-24 22:41:56.546709+00:00
[2024-08-24T22:41:59.066+0000] {warnings.py:112} WARNING - /home/***/.local/lib/python3.12/site-packages/***/task/task_runner/standard_task_runner.py:70: DeprecationWarning: This process (pid=48) is multi-threaded, use of fork() may lead to deadlocks in the child.
  pid = os.fork()

[2024-08-24T22:41:59.069+0000] {standard_task_runner.py:104} INFO - Running: ['***', 'tasks', 'run', 'pyspark_workflow2', 'run_raw_to_silver', 'manual__2024-08-24T22:41:56.546709+00:00', '--job-id', '75', '--raw', '--subdir', 'DAGS_FOLDER/serasa_orchestration.py', '--cfg-path', '/tmp/tmp7xwd7elo']
[2024-08-24T22:41:59.071+0000] {standard_task_runner.py:72} INFO - Started process 49 to run task
[2024-08-24T22:41:59.071+0000] {standard_task_runner.py:105} INFO - Job 75: Subtask run_raw_to_silver
[2024-08-24T22:41:59.150+0000] {task_command.py:467} INFO - Running <TaskInstance: pyspark_workflow2.run_raw_to_silver manual__2024-08-24T22:41:56.546709+00:00 [running]> on host 4236d17460db
[2024-08-24T22:41:59.215+0000] {taskinstance.py:3122} INFO - Exporting env vars: AIRFLOW_CTX_DAG_OWNER='***' AIRFLOW_CTX_DAG_ID='pyspark_workflow2' AIRFLOW_CTX_TASK_ID='run_raw_to_silver' AIRFLOW_CTX_EXECUTION_DATE='2024-08-24T22:41:56.546709+00:00' AIRFLOW_CTX_TRY_NUMBER='1' AIRFLOW_CTX_DAG_RUN_ID='manual__2024-08-24T22:41:56.546709+00:00'
[2024-08-24T22:41:59.216+0000] {taskinstance.py:731} INFO - ::endgroup::
[2024-08-24T22:41:59.247+0000] {subprocess.py:63} INFO - Tmp dir root location: /tmp
[2024-08-24T22:41:59.248+0000] {subprocess.py:75} INFO - Running command: ['/usr/bin/bash', '-c', 'python3 /opt/***/source/lake/raw_to_silver.py']
[2024-08-24T22:41:59.254+0000] {subprocess.py:86} INFO - Output:
[2024-08-24T22:41:59.710+0000] {subprocess.py:93} INFO - /home/***/.local/lib/python3.12/site-packages/pyspark/bin/load-spark-env.sh: line 68: ps: command not found
[2024-08-24T22:42:01.276+0000] {subprocess.py:93} INFO - Setting default log level to "WARN".
[2024-08-24T22:42:01.277+0000] {subprocess.py:93} INFO - To adjust logging level use sc.setLogLevel(newLevel). For SparkR, use setLogLevel(newLevel).
[2024-08-24T22:42:01.436+0000] {subprocess.py:93} INFO - 24/08/24 22:42:01 WARN NativeCodeLoader: Unable to load native-hadoop library for your platform... using builtin-java classes where applicable
[2024-08-24T22:42:02.595+0000] {subprocess.py:93} INFO - 2024-08-24 22:42:02,595 - RawToSilver - INFO - Reading raw data
[2024-08-24T22:42:04.212+0000] {subprocess.py:93} INFO - 2024-08-24 22:42:04,212 - RawToSilver - INFO - Building Silver layer
[2024-08-24T22:42:04.221+0000] {subprocess.py:93} INFO - 2024-08-24 22:42:04,221 - RawToSilver - INFO - Writing Silver data
[2024-08-24T22:42:06.338+0000] {subprocess.py:93} INFO - /opt/***/source/data
[2024-08-24T22:42:06.801+0000] {subprocess.py:97} INFO - Command exited with return code 0
[2024-08-24T22:42:06.836+0000] {taskinstance.py:340} INFO - ::group::Post task execution logs
[2024-08-24T22:42:06.837+0000] {taskinstance.py:352} INFO - Marking task as SUCCESS. dag_id=pyspark_workflow2, task_id=run_raw_to_silver, run_id=manual__2024-08-24T22:41:56.546709+00:00, execution_date=20240824T224156, start_date=20240824T224159, end_date=20240824T224206
[2024-08-24T22:42:06.878+0000] {local_task_job_runner.py:261} INFO - Task exited with return code 0
[2024-08-24T22:42:06.893+0000] {taskinstance.py:3891} INFO - 1 downstream tasks scheduled from follow-on schedule check
[2024-08-24T22:42:06.894+0000] {local_task_job_runner.py:240} INFO - ::endgroup::
